  [1m[36m (82.5ms)[0m  [1mCREATE TABLE `schema_migrations` (`version` varchar(255) NOT NULL) ENGINE=InnoDB[0m
  [1m[35m (22.1ms)[0m  CREATE UNIQUE INDEX `unique_schema_migrations` ON `schema_migrations` (`version`) 
  [1m[36mActiveRecord::SchemaMigration Load (10.8ms)[0m  [1mSELECT `schema_migrations`.* FROM `schema_migrations`[0m
Migrating to CreateProfiles (20140503060731)
  [1m[35m (27.1ms)[0m  CREATE TABLE `profiles` (`id` int(11) DEFAULT NULL auto_increment PRIMARY KEY, `first_name` varchar(255), `last_name` varchar(255), `dob` datetime, `created_at` datetime, `updated_at` datetime) ENGINE=InnoDB
  [1m[36m (0.5ms)[0m  [1mBEGIN[0m
  [1m[35mSQL (0.3ms)[0m  INSERT INTO `schema_migrations` (`version`) VALUES ('20140503060731')
  [1m[36m (0.4ms)[0m  [1mCOMMIT[0m
  [1m[35mActiveRecord::SchemaMigration Load (0.2ms)[0m  SELECT `schema_migrations`.* FROM `schema_migrations`
  [1m[36m (29.2ms)[0m  [1mCREATE TABLE `schema_migrations` (`version` varchar(255) NOT NULL) ENGINE=InnoDB[0m
  [1m[35m (41.3ms)[0m  CREATE UNIQUE INDEX `unique_schema_migrations` ON `schema_migrations` (`version`) 
  [1m[36mActiveRecord::SchemaMigration Load (0.3ms)[0m  [1mSELECT `schema_migrations`.* FROM `schema_migrations`[0m
Migrating to CreateProfiles (20140503061046)
  [1m[35m (14.2ms)[0m  CREATE TABLE `profiles` (`id` int(11) DEFAULT NULL auto_increment PRIMARY KEY, `first_name` varchar(255), `last_name` varchar(255), `dob` datetime, `created_at` datetime, `updated_at` datetime) ENGINE=InnoDB
  [1m[36m (0.1ms)[0m  [1mBEGIN[0m
  [1m[35mSQL (0.3ms)[0m  INSERT INTO `schema_migrations` (`version`) VALUES ('20140503061046')
  [1m[36m (0.4ms)[0m  [1mCOMMIT[0m
  [1m[35mActiveRecord::SchemaMigration Load (0.2ms)[0m  SELECT `schema_migrations`.* FROM `schema_migrations`


Started GET "/" for 127.0.0.1 at 2014-05-03 02:13:44 -0400
  [1m[36mActiveRecord::SchemaMigration Load (0.3ms)[0m  [1mSELECT `schema_migrations`.* FROM `schema_migrations`[0m
Processing by WelcomeController#index as HTML
  Rendered welcome/index.html.erb within layouts/application (3.5ms)
Completed 200 OK in 2658ms (Views: 2629.4ms | ActiveRecord: 0.0ms)


Started GET "/assets/profiles.css?body=1" for 127.0.0.1 at 2014-05-03 02:13:48 -0400


Started GET "/assets/welcome.css?body=1" for 127.0.0.1 at 2014-05-03 02:13:48 -0400


Started GET "/assets/jquery.js?body=1" for 127.0.0.1 at 2014-05-03 02:13:48 -0400


Started GET "/assets/turbolinks.js?body=1" for 127.0.0.1 at 2014-05-03 02:13:48 -0400


Started GET "/assets/jquery_ujs.js?body=1" for 127.0.0.1 at 2014-05-03 02:13:48 -0400


Started GET "/assets/profiles.js?body=1" for 127.0.0.1 at 2014-05-03 02:13:48 -0400


Started GET "/assets/application.css?body=1" for 127.0.0.1 at 2014-05-03 02:13:48 -0400


Started GET "/assets/welcome.js?body=1" for 127.0.0.1 at 2014-05-03 02:13:48 -0400


Started GET "/assets/application.js?body=1" for 127.0.0.1 at 2014-05-03 02:13:48 -0400


Started GET "/profile/new" for 127.0.0.1 at 2014-05-03 02:13:50 -0400

ActionController::RoutingError (uninitialized constant ProfileController):
  activesupport (4.0.4) lib/active_support/inflector/methods.rb:226:in `const_get'
  activesupport (4.0.4) lib/active_support/inflector/methods.rb:226:in `block in constantize'
  activesupport (4.0.4) lib/active_support/inflector/methods.rb:224:in `each'
  activesupport (4.0.4) lib/active_support/inflector/methods.rb:224:in `inject'
  activesupport (4.0.4) lib/active_support/inflector/methods.rb:224:in `constantize'
  actionpack (4.0.4) lib/action_dispatch/routing/route_set.rb:76:in `controller_reference'
  actionpack (4.0.4) lib/action_dispatch/routing/route_set.rb:66:in `controller'
  actionpack (4.0.4) lib/action_dispatch/routing/route_set.rb:44:in `call'
  actionpack (4.0.4) lib/action_dispatch/journey/router.rb:71:in `block in call'
  actionpack (4.0.4) lib/action_dispatch/journey/router.rb:59:in `each'
  actionpack (4.0.4) lib/action_dispatch/journey/router.rb:59:in `call'
  actionpack (4.0.4) lib/action_dispatch/routing/route_set.rb:674:in `call'
  rack (1.5.2) lib/rack/etag.rb:23:in `call'
  rack (1.5.2) lib/rack/conditionalget.rb:25:in `call'
  rack (1.5.2) lib/rack/head.rb:11:in `call'
  actionpack (4.0.4) lib/action_dispatch/middleware/params_parser.rb:27:in `call'
  actionpack (4.0.4) lib/action_dispatch/middleware/flash.rb:241:in `call'
  rack (1.5.2) lib/rack/session/abstract/id.rb:225:in `context'
  rack (1.5.2) lib/rack/session/abstract/id.rb:220:in `call'
  actionpack (4.0.4) lib/action_dispatch/middleware/cookies.rb:486:in `call'
  activerecord (4.0.4) lib/active_record/query_cache.rb:36:in `call'
  activerecord (4.0.4) lib/active_record/connection_adapters/abstract/connection_pool.rb:626:in `call'
  activerecord (4.0.4) lib/active_record/migration.rb:373:in `call'
  actionpack (4.0.4) lib/action_dispatch/middleware/callbacks.rb:29:in `block in call'
  activesupport (4.0.4) lib/active_support/callbacks.rb:373:in `_run__3215770314136690058__call__callbacks'
  activesupport (4.0.4) lib/active_support/callbacks.rb:80:in `run_callbacks'
  actionpack (4.0.4) lib/action_dispatch/middleware/callbacks.rb:27:in `call'
  actionpack (4.0.4) lib/action_dispatch/middleware/reloader.rb:64:in `call'
  actionpack (4.0.4) lib/action_dispatch/middleware/remote_ip.rb:76:in `call'
  actionpack (4.0.4) lib/action_dispatch/middleware/debug_exceptions.rb:17:in `call'
  actionpack (4.0.4) lib/action_dispatch/middleware/show_exceptions.rb:30:in `call'
  railties (4.0.4) lib/rails/rack/logger.rb:38:in `call_app'
  railties (4.0.4) lib/rails/rack/logger.rb:20:in `block in call'
  activesupport (4.0.4) lib/active_support/tagged_logging.rb:68:in `block in tagged'
  activesupport (4.0.4) lib/active_support/tagged_logging.rb:26:in `tagged'
  activesupport (4.0.4) lib/active_support/tagged_logging.rb:68:in `tagged'
  railties (4.0.4) lib/rails/rack/logger.rb:20:in `call'
  actionpack (4.0.4) lib/action_dispatch/middleware/request_id.rb:21:in `call'
  rack (1.5.2) lib/rack/methodoverride.rb:21:in `call'
  rack (1.5.2) lib/rack/runtime.rb:17:in `call'
  activesupport (4.0.4) lib/active_support/cache/strategy/local_cache.rb:83:in `call'
  rack (1.5.2) lib/rack/lock.rb:17:in `call'
  actionpack (4.0.4) lib/action_dispatch/middleware/static.rb:64:in `call'
  rack (1.5.2) lib/rack/sendfile.rb:112:in `call'
  railties (4.0.4) lib/rails/engine.rb:511:in `call'
  railties (4.0.4) lib/rails/application.rb:97:in `call'
  rack (1.5.2) lib/rack/lock.rb:17:in `call'
  rack (1.5.2) lib/rack/content_length.rb:14:in `call'
  rack (1.5.2) lib/rack/handler/webrick.rb:60:in `service'
  /Users/uchilaka/.rvm/rubies/ruby-2.1.1/lib/ruby/2.1.0/webrick/httpserver.rb:138:in `service'
  /Users/uchilaka/.rvm/rubies/ruby-2.1.1/lib/ruby/2.1.0/webrick/httpserver.rb:94:in `run'
  /Users/uchilaka/.rvm/rubies/ruby-2.1.1/lib/ruby/2.1.0/webrick/server.rb:295:in `block in start_thread'


  Rendered /Users/uchilaka/.rvm/gems/ruby-2.1.1/gems/actionpack-4.0.4/lib/action_dispatch/middleware/templates/rescues/_trace.erb (5.1ms)
  Rendered /Users/uchilaka/.rvm/gems/ruby-2.1.1/gems/actionpack-4.0.4/lib/action_dispatch/middleware/templates/routes/_route.html.erb (2.1ms)
  Rendered /Users/uchilaka/.rvm/gems/ruby-2.1.1/gems/actionpack-4.0.4/lib/action_dispatch/middleware/templates/routes/_table.html.erb (15.9ms)
  Rendered /Users/uchilaka/.rvm/gems/ruby-2.1.1/gems/actionpack-4.0.4/lib/action_dispatch/middleware/templates/rescues/routing_error.erb within rescues/layout (77.8ms)


Started GET "/profile/new" for 127.0.0.1 at 2014-05-03 02:13:51 -0400

ActionController::RoutingError (uninitialized constant ProfileController):
  activesupport (4.0.4) lib/active_support/inflector/methods.rb:226:in `const_get'
  activesupport (4.0.4) lib/active_support/inflector/methods.rb:226:in `block in constantize'
  activesupport (4.0.4) lib/active_support/inflector/methods.rb:224:in `each'
  activesupport (4.0.4) lib/active_support/inflector/methods.rb:224:in `inject'
  activesupport (4.0.4) lib/active_support/inflector/methods.rb:224:in `constantize'
  actionpack (4.0.4) lib/action_dispatch/routing/route_set.rb:76:in `controller_reference'
  actionpack (4.0.4) lib/action_dispatch/routing/route_set.rb:66:in `controller'
  actionpack (4.0.4) lib/action_dispatch/routing/route_set.rb:44:in `call'
  actionpack (4.0.4) lib/action_dispatch/journey/router.rb:71:in `block in call'
  actionpack (4.0.4) lib/action_dispatch/journey/router.rb:59:in `each'
  actionpack (4.0.4) lib/action_dispatch/journey/router.rb:59:in `call'
  actionpack (4.0.4) lib/action_dispatch/routing/route_set.rb:674:in `call'
  rack (1.5.2) lib/rack/etag.rb:23:in `call'
  rack (1.5.2) lib/rack/conditionalget.rb:25:in `call'
  rack (1.5.2) lib/rack/head.rb:11:in `call'
  actionpack (4.0.4) lib/action_dispatch/middleware/params_parser.rb:27:in `call'
  actionpack (4.0.4) lib/action_dispatch/middleware/flash.rb:241:in `call'
  rack (1.5.2) lib/rack/session/abstract/id.rb:225:in `context'
  rack (1.5.2) lib/rack/session/abstract/id.rb:220:in `call'
  actionpack (4.0.4) lib/action_dispatch/middleware/cookies.rb:486:in `call'
  activerecord (4.0.4) lib/active_record/query_cache.rb:36:in `call'
  activerecord (4.0.4) lib/active_record/connection_adapters/abstract/connection_pool.rb:626:in `call'
  activerecord (4.0.4) lib/active_record/migration.rb:373:in `call'
  actionpack (4.0.4) lib/action_dispatch/middleware/callbacks.rb:29:in `block in call'
  activesupport (4.0.4) lib/active_support/callbacks.rb:373:in `_run__3215770314136690058__call__callbacks'
  activesupport (4.0.4) lib/active_support/callbacks.rb:80:in `run_callbacks'
  actionpack (4.0.4) lib/action_dispatch/middleware/callbacks.rb:27:in `call'
  actionpack (4.0.4) lib/action_dispatch/middleware/reloader.rb:64:in `call'
  actionpack (4.0.4) lib/action_dispatch/middleware/remote_ip.rb:76:in `call'
  actionpack (4.0.4) lib/action_dispatch/middleware/debug_exceptions.rb:17:in `call'
  actionpack (4.0.4) lib/action_dispatch/middleware/show_exceptions.rb:30:in `call'
  railties (4.0.4) lib/rails/rack/logger.rb:38:in `call_app'
  railties (4.0.4) lib/rails/rack/logger.rb:20:in `block in call'
  activesupport (4.0.4) lib/active_support/tagged_logging.rb:68:in `block in tagged'
  activesupport (4.0.4) lib/active_support/tagged_logging.rb:26:in `tagged'
  activesupport (4.0.4) lib/active_support/tagged_logging.rb:68:in `tagged'
  railties (4.0.4) lib/rails/rack/logger.rb:20:in `call'
  actionpack (4.0.4) lib/action_dispatch/middleware/request_id.rb:21:in `call'
  rack (1.5.2) lib/rack/methodoverride.rb:21:in `call'
  rack (1.5.2) lib/rack/runtime.rb:17:in `call'
  activesupport (4.0.4) lib/active_support/cache/strategy/local_cache.rb:83:in `call'
  rack (1.5.2) lib/rack/lock.rb:17:in `call'
  actionpack (4.0.4) lib/action_dispatch/middleware/static.rb:64:in `call'
  rack (1.5.2) lib/rack/sendfile.rb:112:in `call'
  railties (4.0.4) lib/rails/engine.rb:511:in `call'
  railties (4.0.4) lib/rails/application.rb:97:in `call'
  rack (1.5.2) lib/rack/lock.rb:17:in `call'
  rack (1.5.2) lib/rack/content_length.rb:14:in `call'
  rack (1.5.2) lib/rack/handler/webrick.rb:60:in `service'
  /Users/uchilaka/.rvm/rubies/ruby-2.1.1/lib/ruby/2.1.0/webrick/httpserver.rb:138:in `service'
  /Users/uchilaka/.rvm/rubies/ruby-2.1.1/lib/ruby/2.1.0/webrick/httpserver.rb:94:in `run'
  /Users/uchilaka/.rvm/rubies/ruby-2.1.1/lib/ruby/2.1.0/webrick/server.rb:295:in `block in start_thread'


  Rendered /Users/uchilaka/.rvm/gems/ruby-2.1.1/gems/actionpack-4.0.4/lib/action_dispatch/middleware/templates/rescues/_trace.erb (1.2ms)
  Rendered /Users/uchilaka/.rvm/gems/ruby-2.1.1/gems/actionpack-4.0.4/lib/action_dispatch/middleware/templates/routes/_route.html.erb (1.4ms)
  Rendered /Users/uchilaka/.rvm/gems/ruby-2.1.1/gems/actionpack-4.0.4/lib/action_dispatch/middleware/templates/routes/_table.html.erb (1.1ms)
  Rendered /Users/uchilaka/.rvm/gems/ruby-2.1.1/gems/actionpack-4.0.4/lib/action_dispatch/middleware/templates/rescues/routing_error.erb within rescues/layout (18.9ms)


Started GET "/profile/new" for 127.0.0.1 at 2014-05-03 02:14:17 -0400

ActionController::RoutingError (No route matches [GET] "/profile/new"):
  actionpack (4.0.4) lib/action_dispatch/middleware/debug_exceptions.rb:21:in `call'
  actionpack (4.0.4) lib/action_dispatch/middleware/show_exceptions.rb:30:in `call'
  railties (4.0.4) lib/rails/rack/logger.rb:38:in `call_app'
  railties (4.0.4) lib/rails/rack/logger.rb:20:in `block in call'
  activesupport (4.0.4) lib/active_support/tagged_logging.rb:68:in `block in tagged'
  activesupport (4.0.4) lib/active_support/tagged_logging.rb:26:in `tagged'
  activesupport (4.0.4) lib/active_support/tagged_logging.rb:68:in `tagged'
  railties (4.0.4) lib/rails/rack/logger.rb:20:in `call'
  actionpack (4.0.4) lib/action_dispatch/middleware/request_id.rb:21:in `call'
  rack (1.5.2) lib/rack/methodoverride.rb:21:in `call'
  rack (1.5.2) lib/rack/runtime.rb:17:in `call'
  activesupport (4.0.4) lib/active_support/cache/strategy/local_cache.rb:83:in `call'
  rack (1.5.2) lib/rack/lock.rb:17:in `call'
  actionpack (4.0.4) lib/action_dispatch/middleware/static.rb:64:in `call'
  rack (1.5.2) lib/rack/sendfile.rb:112:in `call'
  railties (4.0.4) lib/rails/engine.rb:511:in `call'
  railties (4.0.4) lib/rails/application.rb:97:in `call'
  rack (1.5.2) lib/rack/lock.rb:17:in `call'
  rack (1.5.2) lib/rack/content_length.rb:14:in `call'
  rack (1.5.2) lib/rack/handler/webrick.rb:60:in `service'
  /Users/uchilaka/.rvm/rubies/ruby-2.1.1/lib/ruby/2.1.0/webrick/httpserver.rb:138:in `service'
  /Users/uchilaka/.rvm/rubies/ruby-2.1.1/lib/ruby/2.1.0/webrick/httpserver.rb:94:in `run'
  /Users/uchilaka/.rvm/rubies/ruby-2.1.1/lib/ruby/2.1.0/webrick/server.rb:295:in `block in start_thread'


  Rendered /Users/uchilaka/.rvm/gems/ruby-2.1.1/gems/actionpack-4.0.4/lib/action_dispatch/middleware/templates/rescues/_trace.erb (1.0ms)
  Rendered /Users/uchilaka/.rvm/gems/ruby-2.1.1/gems/actionpack-4.0.4/lib/action_dispatch/middleware/templates/routes/_route.html.erb (1.4ms)
  Rendered /Users/uchilaka/.rvm/gems/ruby-2.1.1/gems/actionpack-4.0.4/lib/action_dispatch/middleware/templates/routes/_table.html.erb (1.6ms)
  Rendered /Users/uchilaka/.rvm/gems/ruby-2.1.1/gems/actionpack-4.0.4/lib/action_dispatch/middleware/templates/rescues/routing_error.erb within rescues/layout (17.6ms)


Started GET "/profile/new" for 127.0.0.1 at 2014-05-03 02:14:29 -0400
  [1m[36mActiveRecord::SchemaMigration Load (0.2ms)[0m  [1mSELECT `schema_migrations`.* FROM `schema_migrations`[0m

ActionController::RoutingError (No route matches [GET] "/profile/new"):
  actionpack (4.0.4) lib/action_dispatch/middleware/debug_exceptions.rb:21:in `call'
  actionpack (4.0.4) lib/action_dispatch/middleware/show_exceptions.rb:30:in `call'
  railties (4.0.4) lib/rails/rack/logger.rb:38:in `call_app'
  railties (4.0.4) lib/rails/rack/logger.rb:20:in `block in call'
  activesupport (4.0.4) lib/active_support/tagged_logging.rb:68:in `block in tagged'
  activesupport (4.0.4) lib/active_support/tagged_logging.rb:26:in `tagged'
  activesupport (4.0.4) lib/active_support/tagged_logging.rb:68:in `tagged'
  railties (4.0.4) lib/rails/rack/logger.rb:20:in `call'
  actionpack (4.0.4) lib/action_dispatch/middleware/request_id.rb:21:in `call'
  rack (1.5.2) lib/rack/methodoverride.rb:21:in `call'
  rack (1.5.2) lib/rack/runtime.rb:17:in `call'
  activesupport (4.0.4) lib/active_support/cache/strategy/local_cache.rb:83:in `call'
  rack (1.5.2) lib/rack/lock.rb:17:in `call'
  actionpack (4.0.4) lib/action_dispatch/middleware/static.rb:64:in `call'
  rack (1.5.2) lib/rack/sendfile.rb:112:in `call'
  railties (4.0.4) lib/rails/engine.rb:511:in `call'
  railties (4.0.4) lib/rails/application.rb:97:in `call'
  rack (1.5.2) lib/rack/lock.rb:17:in `call'
  rack (1.5.2) lib/rack/content_length.rb:14:in `call'
  rack (1.5.2) lib/rack/handler/webrick.rb:60:in `service'
  /Users/uchilaka/.rvm/rubies/ruby-2.1.1/lib/ruby/2.1.0/webrick/httpserver.rb:138:in `service'
  /Users/uchilaka/.rvm/rubies/ruby-2.1.1/lib/ruby/2.1.0/webrick/httpserver.rb:94:in `run'
  /Users/uchilaka/.rvm/rubies/ruby-2.1.1/lib/ruby/2.1.0/webrick/server.rb:295:in `block in start_thread'


  Rendered /Users/uchilaka/.rvm/gems/ruby-2.1.1/gems/actionpack-4.0.4/lib/action_dispatch/middleware/templates/rescues/_trace.erb (1.5ms)
  Rendered /Users/uchilaka/.rvm/gems/ruby-2.1.1/gems/actionpack-4.0.4/lib/action_dispatch/middleware/templates/routes/_route.html.erb (1.4ms)
  Rendered /Users/uchilaka/.rvm/gems/ruby-2.1.1/gems/actionpack-4.0.4/lib/action_dispatch/middleware/templates/routes/_table.html.erb (8.6ms)
  Rendered /Users/uchilaka/.rvm/gems/ruby-2.1.1/gems/actionpack-4.0.4/lib/action_dispatch/middleware/templates/rescues/routing_error.erb within rescues/layout (42.8ms)


Started GET "/" for 127.0.0.1 at 2014-05-03 02:15:12 -0400
Processing by WelcomeController#index as HTML
  Rendered welcome/index.html.erb within layouts/application (13.9ms)
Completed 500 Internal Server Error in 27ms

ActionView::Template::Error (undefined local variable or method `new_profiles_path' for #<#<Class:0x00000101729500>:0x000001017192e0>):
    2: 
    3: Hope you love it here...
    4: 
    5: <p><%= link_to 'Signup', new_profiles_path %></p>
  app/views/welcome/index.html.erb:5:in `_app_views_welcome_index_html_erb__453488391936885664_2159610460'


  Rendered /Users/uchilaka/.rvm/gems/ruby-2.1.1/gems/actionpack-4.0.4/lib/action_dispatch/middleware/templates/rescues/_trace.erb (2.2ms)
  Rendered /Users/uchilaka/.rvm/gems/ruby-2.1.1/gems/actionpack-4.0.4/lib/action_dispatch/middleware/templates/rescues/_request_and_response.erb (1.0ms)
  Rendered /Users/uchilaka/.rvm/gems/ruby-2.1.1/gems/actionpack-4.0.4/lib/action_dispatch/middleware/templates/rescues/template_error.erb within rescues/layout (15.9ms)


Started GET "/" for 127.0.0.1 at 2014-05-03 02:20:04 -0400
  [1m[36mActiveRecord::SchemaMigration Load (0.2ms)[0m  [1mSELECT `schema_migrations`.* FROM `schema_migrations`[0m
Processing by WelcomeController#index as HTML
  Rendered welcome/index.html.erb within layouts/application (2.2ms)
Completed 200 OK in 357ms (Views: 346.6ms | ActiveRecord: 0.0ms)


Started GET "/assets/welcome.css?body=1" for 127.0.0.1 at 2014-05-03 02:20:05 -0400


Started GET "/assets/jquery_ujs.js?body=1" for 127.0.0.1 at 2014-05-03 02:20:05 -0400


Started GET "/assets/jquery.js?body=1" for 127.0.0.1 at 2014-05-03 02:20:05 -0400


Started GET "/assets/profiles.css?body=1" for 127.0.0.1 at 2014-05-03 02:20:05 -0400


Started GET "/assets/turbolinks.js?body=1" for 127.0.0.1 at 2014-05-03 02:20:05 -0400


Started GET "/assets/profiles.js?body=1" for 127.0.0.1 at 2014-05-03 02:20:05 -0400


Started GET "/assets/welcome.js?body=1" for 127.0.0.1 at 2014-05-03 02:20:05 -0400


Started GET "/assets/application.js?body=1" for 127.0.0.1 at 2014-05-03 02:20:05 -0400


Started GET "/assets/application.css?body=1" for 127.0.0.1 at 2014-05-03 02:20:05 -0400


Started GET "/profiles/new" for 127.0.0.1 at 2014-05-03 02:20:09 -0400
Processing by ProfilesController#new as HTML
  Rendered profiles/new.html.erb within layouts/application (64.5ms)
Completed 200 OK in 78ms (Views: 71.5ms | ActiveRecord: 0.0ms)


Started POST "/profiles" for 127.0.0.1 at 2014-05-03 02:20:13 -0400
Processing by ProfilesController#create as HTML
  Parameters: {"utf8"=>"✓", "authenticity_token"=>"s4+6etHwGYLmMb2+J8b3JDnojQhQzQo+36XpXt4Bb5s=", "profile"=>{"first_name"=>"", "last_name"=>"", "dob"=>""}, "commit"=>"Save Profile"}
Completed 500 Internal Server Error in 6ms

ActionView::MissingTemplate (Missing template profiles/create, application/create with {:locale=>[:en], :formats=>[:html], :handlers=>[:erb, :builder, :raw, :ruby, :jbuilder, :coffee]}. Searched in:
  * "/Volumes/Storage/Projects/rails/pdftest/app/views"
):
  app/controllers/profiles_controller.rb:16:in `create'


  Rendered /Users/uchilaka/.rvm/gems/ruby-2.1.1/gems/actionpack-4.0.4/lib/action_dispatch/middleware/templates/rescues/missing_template.erb within rescues/layout (0.4ms)


Started POST "/profiles" for 127.0.0.1 at 2014-05-03 02:22:09 -0400
Processing by ProfilesController#create as HTML
  Parameters: {"utf8"=>"✓", "authenticity_token"=>"s4+6etHwGYLmMb2+J8b3JDnojQhQzQo+36XpXt4Bb5s=", "profile"=>{"first_name"=>"", "last_name"=>"", "dob"=>""}, "commit"=>"Save Profile"}
  Rendered profiles/create.html.erb within layouts/application (0.4ms)
Completed 200 OK in 6ms (Views: 5.0ms | ActiveRecord: 0.0ms)


Started GET "/assets/profiles.css?body=1" for 127.0.0.1 at 2014-05-03 02:22:09 -0400


Started GET "/assets/application.css?body=1" for 127.0.0.1 at 2014-05-03 02:22:09 -0400


Started GET "/assets/jquery.js?body=1" for 127.0.0.1 at 2014-05-03 02:22:10 -0400


Started GET "/assets/jquery_ujs.js?body=1" for 127.0.0.1 at 2014-05-03 02:22:10 -0400


Started GET "/assets/welcome.css?body=1" for 127.0.0.1 at 2014-05-03 02:22:10 -0400


Started GET "/assets/turbolinks.js?body=1" for 127.0.0.1 at 2014-05-03 02:22:10 -0400


Started GET "/assets/profiles.js?body=1" for 127.0.0.1 at 2014-05-03 02:22:10 -0400


Started GET "/assets/welcome.js?body=1" for 127.0.0.1 at 2014-05-03 02:22:10 -0400


Started GET "/assets/application.js?body=1" for 127.0.0.1 at 2014-05-03 02:22:10 -0400


Started GET "/profiles" for 127.0.0.1 at 2014-05-03 02:22:29 -0400
Processing by ProfilesController#index as HTML
Completed 500 Internal Server Error in 2ms

ActionView::MissingTemplate (Missing template profiles/index, application/index with {:locale=>[:en], :formats=>[:html], :handlers=>[:erb, :builder, :raw, :ruby, :jbuilder, :coffee]}. Searched in:
  * "/Volumes/Storage/Projects/rails/pdftest/app/views"
):
  actionpack (4.0.4) lib/action_view/path_set.rb:46:in `find'
  actionpack (4.0.4) lib/action_view/lookup_context.rb:122:in `find'
  actionpack (4.0.4) lib/action_view/renderer/abstract_renderer.rb:18:in `find_template'
  actionpack (4.0.4) lib/action_view/renderer/template_renderer.rb:35:in `determine_template'
  actionpack (4.0.4) lib/action_view/renderer/template_renderer.rb:8:in `render'
  actionpack (4.0.4) lib/action_view/renderer/renderer.rb:42:in `render_template'
  actionpack (4.0.4) lib/action_view/renderer/renderer.rb:23:in `render'
  actionpack (4.0.4) lib/abstract_controller/rendering.rb:127:in `_render_template'
  actionpack (4.0.4) lib/action_controller/metal/streaming.rb:219:in `_render_template'
  actionpack (4.0.4) lib/abstract_controller/rendering.rb:120:in `render_to_body'
  actionpack (4.0.4) lib/action_controller/metal/rendering.rb:33:in `render_to_body'
  actionpack (4.0.4) lib/action_controller/metal/renderers.rb:26:in `render_to_body'
  actionpack (4.0.4) lib/abstract_controller/rendering.rb:97:in `render'
  actionpack (4.0.4) lib/action_controller/metal/rendering.rb:16:in `render'
  actionpack (4.0.4) lib/action_controller/metal/instrumentation.rb:41:in `block (2 levels) in render'
  activesupport (4.0.4) lib/active_support/core_ext/benchmark.rb:12:in `block in ms'
  /Users/uchilaka/.rvm/rubies/ruby-2.1.1/lib/ruby/2.1.0/benchmark.rb:294:in `realtime'
  activesupport (4.0.4) lib/active_support/core_ext/benchmark.rb:12:in `ms'
  actionpack (4.0.4) lib/action_controller/metal/instrumentation.rb:41:in `block in render'
  actionpack (4.0.4) lib/action_controller/metal/instrumentation.rb:84:in `cleanup_view_runtime'
  activerecord (4.0.4) lib/active_record/railties/controller_runtime.rb:25:in `cleanup_view_runtime'
  actionpack (4.0.4) lib/action_controller/metal/instrumentation.rb:40:in `render'
  actionpack (4.0.4) lib/action_controller/metal/implicit_render.rb:10:in `default_render'
  actionpack (4.0.4) lib/action_controller/metal/implicit_render.rb:5:in `send_action'
  actionpack (4.0.4) lib/abstract_controller/base.rb:189:in `process_action'
  actionpack (4.0.4) lib/action_controller/metal/rendering.rb:10:in `process_action'
  actionpack (4.0.4) lib/abstract_controller/callbacks.rb:18:in `block in process_action'
  activesupport (4.0.4) lib/active_support/callbacks.rb:403:in `_run__644872344661030302__process_action__callbacks'
  activesupport (4.0.4) lib/active_support/callbacks.rb:80:in `run_callbacks'
  actionpack (4.0.4) lib/abstract_controller/callbacks.rb:17:in `process_action'
  actionpack (4.0.4) lib/action_controller/metal/rescue.rb:29:in `process_action'
  actionpack (4.0.4) lib/action_controller/metal/instrumentation.rb:31:in `block in process_action'
  activesupport (4.0.4) lib/active_support/notifications.rb:159:in `block in instrument'
  activesupport (4.0.4) lib/active_support/notifications/instrumenter.rb:20:in `instrument'
  activesupport (4.0.4) lib/active_support/notifications.rb:159:in `instrument'
  actionpack (4.0.4) lib/action_controller/metal/instrumentation.rb:30:in `process_action'
  actionpack (4.0.4) lib/action_controller/metal/params_wrapper.rb:250:in `process_action'
  activerecord (4.0.4) lib/active_record/railties/controller_runtime.rb:18:in `process_action'
  actionpack (4.0.4) lib/abstract_controller/base.rb:136:in `process'
  actionpack (4.0.4) lib/abstract_controller/rendering.rb:44:in `process'
  actionpack (4.0.4) lib/action_controller/metal.rb:195:in `dispatch'
  actionpack (4.0.4) lib/action_controller/metal/rack_delegation.rb:13:in `dispatch'
  actionpack (4.0.4) lib/action_controller/metal.rb:231:in `block in action'
  actionpack (4.0.4) lib/action_dispatch/routing/route_set.rb:80:in `call'
  actionpack (4.0.4) lib/action_dispatch/routing/route_set.rb:80:in `dispatch'
  actionpack (4.0.4) lib/action_dispatch/routing/route_set.rb:48:in `call'
  actionpack (4.0.4) lib/action_dispatch/journey/router.rb:71:in `block in call'
  actionpack (4.0.4) lib/action_dispatch/journey/router.rb:59:in `each'
  actionpack (4.0.4) lib/action_dispatch/journey/router.rb:59:in `call'
  actionpack (4.0.4) lib/action_dispatch/routing/route_set.rb:674:in `call'
  rack (1.5.2) lib/rack/etag.rb:23:in `call'
  rack (1.5.2) lib/rack/conditionalget.rb:25:in `call'
  rack (1.5.2) lib/rack/head.rb:11:in `call'
  actionpack (4.0.4) lib/action_dispatch/middleware/params_parser.rb:27:in `call'
  actionpack (4.0.4) lib/action_dispatch/middleware/flash.rb:241:in `call'
  rack (1.5.2) lib/rack/session/abstract/id.rb:225:in `context'
  rack (1.5.2) lib/rack/session/abstract/id.rb:220:in `call'
  actionpack (4.0.4) lib/action_dispatch/middleware/cookies.rb:486:in `call'
  activerecord (4.0.4) lib/active_record/query_cache.rb:36:in `call'
  activerecord (4.0.4) lib/active_record/connection_adapters/abstract/connection_pool.rb:626:in `call'
  activerecord (4.0.4) lib/active_record/migration.rb:373:in `call'
  actionpack (4.0.4) lib/action_dispatch/middleware/callbacks.rb:29:in `block in call'
  activesupport (4.0.4) lib/active_support/callbacks.rb:373:in `_run__1733919793261619675__call__callbacks'
  activesupport (4.0.4) lib/active_support/callbacks.rb:80:in `run_callbacks'
  actionpack (4.0.4) lib/action_dispatch/middleware/callbacks.rb:27:in `call'
  actionpack (4.0.4) lib/action_dispatch/middleware/reloader.rb:64:in `call'
  actionpack (4.0.4) lib/action_dispatch/middleware/remote_ip.rb:76:in `call'
  actionpack (4.0.4) lib/action_dispatch/middleware/debug_exceptions.rb:17:in `call'
  actionpack (4.0.4) lib/action_dispatch/middleware/show_exceptions.rb:30:in `call'
  railties (4.0.4) lib/rails/rack/logger.rb:38:in `call_app'
  railties (4.0.4) lib/rails/rack/logger.rb:20:in `block in call'
  activesupport (4.0.4) lib/active_support/tagged_logging.rb:68:in `block in tagged'
  activesupport (4.0.4) lib/active_support/tagged_logging.rb:26:in `tagged'
  activesupport (4.0.4) lib/active_support/tagged_logging.rb:68:in `tagged'
  railties (4.0.4) lib/rails/rack/logger.rb:20:in `call'
  actionpack (4.0.4) lib/action_dispatch/middleware/request_id.rb:21:in `call'
  rack (1.5.2) lib/rack/methodoverride.rb:21:in `call'
  rack (1.5.2) lib/rack/runtime.rb:17:in `call'
  activesupport (4.0.4) lib/active_support/cache/strategy/local_cache.rb:83:in `call'
  rack (1.5.2) lib/rack/lock.rb:17:in `call'
  actionpack (4.0.4) lib/action_dispatch/middleware/static.rb:64:in `call'
  rack (1.5.2) lib/rack/sendfile.rb:112:in `call'
  railties (4.0.4) lib/rails/engine.rb:511:in `call'
  railties (4.0.4) lib/rails/application.rb:97:in `call'
  rack (1.5.2) lib/rack/lock.rb:17:in `call'
  rack (1.5.2) lib/rack/content_length.rb:14:in `call'
  rack (1.5.2) lib/rack/handler/webrick.rb:60:in `service'
  /Users/uchilaka/.rvm/rubies/ruby-2.1.1/lib/ruby/2.1.0/webrick/httpserver.rb:138:in `service'
  /Users/uchilaka/.rvm/rubies/ruby-2.1.1/lib/ruby/2.1.0/webrick/httpserver.rb:94:in `run'
  /Users/uchilaka/.rvm/rubies/ruby-2.1.1/lib/ruby/2.1.0/webrick/server.rb:295:in `block in start_thread'


  Rendered /Users/uchilaka/.rvm/gems/ruby-2.1.1/gems/actionpack-4.0.4/lib/action_dispatch/middleware/templates/rescues/missing_template.erb within rescues/layout (0.4ms)


Started GET "/" for 127.0.0.1 at 2014-05-03 02:22:34 -0400
Processing by WelcomeController#index as HTML
  Rendered welcome/index.html.erb within layouts/application (0.4ms)
Completed 200 OK in 8ms (Views: 7.1ms | ActiveRecord: 0.0ms)


Started GET "/assets/application.css?body=1" for 127.0.0.1 at 2014-05-03 02:22:34 -0400


Started GET "/assets/profiles.css?body=1" for 127.0.0.1 at 2014-05-03 02:22:34 -0400


Started GET "/assets/turbolinks.js?body=1" for 127.0.0.1 at 2014-05-03 02:22:34 -0400


Started GET "/assets/jquery.js?body=1" for 127.0.0.1 at 2014-05-03 02:22:34 -0400


Started GET "/assets/welcome.css?body=1" for 127.0.0.1 at 2014-05-03 02:22:34 -0400


Started GET "/assets/jquery_ujs.js?body=1" for 127.0.0.1 at 2014-05-03 02:22:34 -0400


Started GET "/assets/profiles.js?body=1" for 127.0.0.1 at 2014-05-03 02:22:34 -0400


Started GET "/assets/welcome.js?body=1" for 127.0.0.1 at 2014-05-03 02:22:34 -0400


Started GET "/assets/application.js?body=1" for 127.0.0.1 at 2014-05-03 02:22:34 -0400


Started GET "/profiles/new" for 127.0.0.1 at 2014-05-03 02:22:35 -0400
Processing by ProfilesController#new as HTML
  Rendered profiles/new.html.erb within layouts/application (2.4ms)
Completed 200 OK in 12ms (Views: 11.4ms | ActiveRecord: 0.0ms)


Started POST "/profiles" for 127.0.0.1 at 2014-05-03 02:22:37 -0400
Processing by ProfilesController#create as HTML
  Parameters: {"utf8"=>"✓", "authenticity_token"=>"s4+6etHwGYLmMb2+J8b3JDnojQhQzQo+36XpXt4Bb5s=", "profile"=>{"first_name"=>"", "last_name"=>"", "dob"=>""}, "commit"=>"Save Profile"}
  Rendered profiles/create.html.erb within layouts/application (0.1ms)
Completed 200 OK in 6ms (Views: 5.5ms | ActiveRecord: 0.0ms)


Started GET "/assets/application.css?body=1" for 127.0.0.1 at 2014-05-03 02:22:37 -0400


Started GET "/assets/welcome.css?body=1" for 127.0.0.1 at 2014-05-03 02:22:37 -0400


Started GET "/assets/profiles.css?body=1" for 127.0.0.1 at 2014-05-03 02:22:37 -0400


Started GET "/assets/turbolinks.js?body=1" for 127.0.0.1 at 2014-05-03 02:22:37 -0400


Started GET "/assets/jquery_ujs.js?body=1" for 127.0.0.1 at 2014-05-03 02:22:37 -0400


Started GET "/assets/jquery.js?body=1" for 127.0.0.1 at 2014-05-03 02:22:37 -0400


Started GET "/assets/profiles.js?body=1" for 127.0.0.1 at 2014-05-03 02:22:37 -0400


Started GET "/assets/welcome.js?body=1" for 127.0.0.1 at 2014-05-03 02:22:37 -0400


Started GET "/assets/application.js?body=1" for 127.0.0.1 at 2014-05-03 02:22:37 -0400


Started POST "/profiles" for 127.0.0.1 at 2014-05-03 02:22:45 -0400
Processing by ProfilesController#create as HTML
  Parameters: {"utf8"=>"✓", "authenticity_token"=>"s4+6etHwGYLmMb2+J8b3JDnojQhQzQo+36XpXt4Bb5s=", "profile"=>{"first_name"=>"Uchenna", "last_name"=>"Chilaka", "dob"=>""}, "commit"=>"Save Profile"}
  Rendered profiles/create.html.erb within layouts/application (0.1ms)
Completed 200 OK in 8ms (Views: 7.0ms | ActiveRecord: 0.0ms)


Started GET "/assets/profiles.css?body=1" for 127.0.0.1 at 2014-05-03 02:22:45 -0400


Started GET "/assets/application.css?body=1" for 127.0.0.1 at 2014-05-03 02:22:45 -0400


Started GET "/assets/jquery.js?body=1" for 127.0.0.1 at 2014-05-03 02:22:45 -0400


Started GET "/assets/welcome.css?body=1" for 127.0.0.1 at 2014-05-03 02:22:45 -0400


Started GET "/assets/jquery_ujs.js?body=1" for 127.0.0.1 at 2014-05-03 02:22:45 -0400


Started GET "/assets/turbolinks.js?body=1" for 127.0.0.1 at 2014-05-03 02:22:45 -0400


Started GET "/assets/profiles.js?body=1" for 127.0.0.1 at 2014-05-03 02:22:45 -0400


Started GET "/assets/welcome.js?body=1" for 127.0.0.1 at 2014-05-03 02:22:45 -0400


Started GET "/assets/application.js?body=1" for 127.0.0.1 at 2014-05-03 02:22:45 -0400


Started GET "/" for 127.0.0.1 at 2014-05-03 02:24:39 -0400
  [1m[36mActiveRecord::SchemaMigration Load (0.3ms)[0m  [1mSELECT `schema_migrations`.* FROM `schema_migrations`[0m
Processing by WelcomeController#index as HTML
  Rendered welcome/index.html.erb within layouts/application (2.2ms)
Completed 200 OK in 351ms (Views: 340.8ms | ActiveRecord: 0.0ms)


Started GET "/assets/jquery_ujs.js?body=1" for 127.0.0.1 at 2014-05-03 02:24:40 -0400


Started GET "/assets/profiles.css?body=1" for 127.0.0.1 at 2014-05-03 02:24:40 -0400


Started GET "/assets/turbolinks.js?body=1" for 127.0.0.1 at 2014-05-03 02:24:40 -0400


Started GET "/assets/jquery.js?body=1" for 127.0.0.1 at 2014-05-03 02:24:40 -0400


Started GET "/assets/welcome.css?body=1" for 127.0.0.1 at 2014-05-03 02:24:40 -0400


Started GET "/assets/application.css?body=1" for 127.0.0.1 at 2014-05-03 02:24:40 -0400


Started GET "/assets/profiles.js?body=1" for 127.0.0.1 at 2014-05-03 02:24:40 -0400


Started GET "/assets/welcome.js?body=1" for 127.0.0.1 at 2014-05-03 02:24:40 -0400


Started GET "/assets/application.js?body=1" for 127.0.0.1 at 2014-05-03 02:24:40 -0400


Started GET "/profiles/new" for 127.0.0.1 at 2014-05-03 02:24:42 -0400
Processing by ProfilesController#new as HTML
  Rendered profiles/new.html.erb within layouts/application (30.9ms)
Completed 200 OK in 43ms (Views: 39.3ms | ActiveRecord: 0.0ms)


Started POST "/profiles" for 127.0.0.1 at 2014-05-03 02:24:44 -0400
Processing by ProfilesController#create as HTML
  Parameters: {"utf8"=>"✓", "authenticity_token"=>"s4+6etHwGYLmMb2+J8b3JDnojQhQzQo+36XpXt4Bb5s=", "profile"=>{"first_name"=>"", "last_name"=>"", "dob"=>""}, "commit"=>"Save Profile"}
Completed 500 Internal Server Error in 5ms

ActionView::MissingTemplate (Missing template profiles/create, application/create with {:locale=>[:en], :formats=>[:html], :handlers=>[:erb, :builder, :raw, :ruby, :jbuilder, :coffee]}. Searched in:
  * "/Volumes/Storage/Projects/rails/pdftest/app/views"
):
  app/controllers/profiles_controller.rb:16:in `create'


  Rendered /Users/uchilaka/.rvm/gems/ruby-2.1.1/gems/actionpack-4.0.4/lib/action_dispatch/middleware/templates/rescues/missing_template.erb within rescues/layout (0.7ms)


Started GET "/" for 127.0.0.1 at 2014-05-03 02:26:10 -0400
Processing by WelcomeController#index as HTML
  Rendered welcome/index.html.erb within layouts/application (0.5ms)
Completed 200 OK in 8ms (Views: 7.0ms | ActiveRecord: 0.0ms)


Started GET "/assets/application.css?body=1" for 127.0.0.1 at 2014-05-03 02:26:10 -0400


Started GET "/assets/profiles.css?body=1" for 127.0.0.1 at 2014-05-03 02:26:10 -0400


Started GET "/assets/jquery.js?body=1" for 127.0.0.1 at 2014-05-03 02:26:10 -0400


Started GET "/assets/welcome.css?body=1" for 127.0.0.1 at 2014-05-03 02:26:10 -0400


Started GET "/assets/jquery_ujs.js?body=1" for 127.0.0.1 at 2014-05-03 02:26:10 -0400


Started GET "/assets/profiles.js?body=1" for 127.0.0.1 at 2014-05-03 02:26:10 -0400


Started GET "/assets/turbolinks.js?body=1" for 127.0.0.1 at 2014-05-03 02:26:10 -0400


Started GET "/assets/welcome.js?body=1" for 127.0.0.1 at 2014-05-03 02:26:10 -0400


Started GET "/assets/application.js?body=1" for 127.0.0.1 at 2014-05-03 02:26:10 -0400


Started GET "/profiles/new" for 127.0.0.1 at 2014-05-03 02:26:12 -0400
Processing by ProfilesController#new as HTML
  Rendered profiles/new.html.erb within layouts/application (2.2ms)
Completed 200 OK in 12ms (Views: 10.9ms | ActiveRecord: 0.0ms)


Started GET "/profiles/new" for 127.0.0.1 at 2014-05-03 02:26:46 -0400
Processing by ProfilesController#new as HTML
  Rendered profiles/new.html.erb within layouts/application (9.5ms)
Completed 500 Internal Server Error in 13ms

ActionView::Template::Error (undefined local variable or method `profiles_create_path' for #<#<Class:0x000001018c5bc0>:0x00000101be7830>):
    1: <h1>Profile Information</h1>
    2: <%= form_for :profile, url: profiles_create_path do |p| %>
    3: 
    4: 	<p>
    5: 	<label><%= p.label :first_name %></label>
  app/views/profiles/new.html.erb:2:in `_app_views_profiles_new_html_erb___3432249907390827301_2162105260'


  Rendered /Users/uchilaka/.rvm/gems/ruby-2.1.1/gems/actionpack-4.0.4/lib/action_dispatch/middleware/templates/rescues/_trace.erb (1.7ms)
  Rendered /Users/uchilaka/.rvm/gems/ruby-2.1.1/gems/actionpack-4.0.4/lib/action_dispatch/middleware/templates/rescues/_request_and_response.erb (1.1ms)
  Rendered /Users/uchilaka/.rvm/gems/ruby-2.1.1/gems/actionpack-4.0.4/lib/action_dispatch/middleware/templates/rescues/template_error.erb within rescues/layout (15.9ms)


Started GET "/profiles/new" for 127.0.0.1 at 2014-05-03 02:26:56 -0400
Processing by ProfilesController#new as HTML
  Rendered profiles/new.html.erb within layouts/application (12.1ms)
Completed 500 Internal Server Error in 15ms

ActionView::Template::Error (undefined local variable or method `profiles_create_path' for #<#<Class:0x000001018c5bc0>:0x000001014172b8>):
    1: <h1>Profile Information</h1>
    2: <%= form_for :profile, url: profiles_create_path do |p| %>
    3: 
    4: 	<p>
    5: 	<label><%= p.label :first_name %></label>
  app/views/profiles/new.html.erb:2:in `_app_views_profiles_new_html_erb___3432249907390827301_2162105260'


  Rendered /Users/uchilaka/.rvm/gems/ruby-2.1.1/gems/actionpack-4.0.4/lib/action_dispatch/middleware/templates/rescues/_trace.erb (2.3ms)
  Rendered /Users/uchilaka/.rvm/gems/ruby-2.1.1/gems/actionpack-4.0.4/lib/action_dispatch/middleware/templates/rescues/_request_and_response.erb (1.1ms)
  Rendered /Users/uchilaka/.rvm/gems/ruby-2.1.1/gems/actionpack-4.0.4/lib/action_dispatch/middleware/templates/rescues/template_error.erb within rescues/layout (12.7ms)


Started GET "/profiles/new" for 127.0.0.1 at 2014-05-03 02:27:12 -0400
Processing by ProfilesController#new as HTML
  Rendered profiles/new.html.erb within layouts/application (1.9ms)
Completed 200 OK in 8ms (Views: 7.1ms | ActiveRecord: 0.0ms)


Started GET "/assets/application.css?body=1" for 127.0.0.1 at 2014-05-03 02:27:12 -0400


Started GET "/assets/welcome.css?body=1" for 127.0.0.1 at 2014-05-03 02:27:12 -0400


Started GET "/assets/turbolinks.js?body=1" for 127.0.0.1 at 2014-05-03 02:27:12 -0400


Started GET "/assets/profiles.css?body=1" for 127.0.0.1 at 2014-05-03 02:27:12 -0400


Started GET "/assets/jquery_ujs.js?body=1" for 127.0.0.1 at 2014-05-03 02:27:12 -0400


Started GET "/assets/jquery.js?body=1" for 127.0.0.1 at 2014-05-03 02:27:12 -0400


Started GET "/assets/profiles.js?body=1" for 127.0.0.1 at 2014-05-03 02:27:12 -0400


Started GET "/assets/welcome.js?body=1" for 127.0.0.1 at 2014-05-03 02:27:12 -0400


Started GET "/assets/application.js?body=1" for 127.0.0.1 at 2014-05-03 02:27:12 -0400


Started POST "/profiles/profiles/create" for 127.0.0.1 at 2014-05-03 02:27:23 -0400

ActionController::RoutingError (No route matches [POST] "/profiles/profiles/create"):
  actionpack (4.0.4) lib/action_dispatch/middleware/debug_exceptions.rb:21:in `call'
  actionpack (4.0.4) lib/action_dispatch/middleware/show_exceptions.rb:30:in `call'
  railties (4.0.4) lib/rails/rack/logger.rb:38:in `call_app'
  railties (4.0.4) lib/rails/rack/logger.rb:20:in `block in call'
  activesupport (4.0.4) lib/active_support/tagged_logging.rb:68:in `block in tagged'
  activesupport (4.0.4) lib/active_support/tagged_logging.rb:26:in `tagged'
  activesupport (4.0.4) lib/active_support/tagged_logging.rb:68:in `tagged'
  railties (4.0.4) lib/rails/rack/logger.rb:20:in `call'
  actionpack (4.0.4) lib/action_dispatch/middleware/request_id.rb:21:in `call'
  rack (1.5.2) lib/rack/methodoverride.rb:21:in `call'
  rack (1.5.2) lib/rack/runtime.rb:17:in `call'
  activesupport (4.0.4) lib/active_support/cache/strategy/local_cache.rb:83:in `call'
  rack (1.5.2) lib/rack/lock.rb:17:in `call'
  actionpack (4.0.4) lib/action_dispatch/middleware/static.rb:64:in `call'
  rack (1.5.2) lib/rack/sendfile.rb:112:in `call'
  railties (4.0.4) lib/rails/engine.rb:511:in `call'
  railties (4.0.4) lib/rails/application.rb:97:in `call'
  rack (1.5.2) lib/rack/lock.rb:17:in `call'
  rack (1.5.2) lib/rack/content_length.rb:14:in `call'
  rack (1.5.2) lib/rack/handler/webrick.rb:60:in `service'
  /Users/uchilaka/.rvm/rubies/ruby-2.1.1/lib/ruby/2.1.0/webrick/httpserver.rb:138:in `service'
  /Users/uchilaka/.rvm/rubies/ruby-2.1.1/lib/ruby/2.1.0/webrick/httpserver.rb:94:in `run'
  /Users/uchilaka/.rvm/rubies/ruby-2.1.1/lib/ruby/2.1.0/webrick/server.rb:295:in `block in start_thread'


  Rendered /Users/uchilaka/.rvm/gems/ruby-2.1.1/gems/actionpack-4.0.4/lib/action_dispatch/middleware/templates/rescues/_trace.erb (1.2ms)
  Rendered /Users/uchilaka/.rvm/gems/ruby-2.1.1/gems/actionpack-4.0.4/lib/action_dispatch/middleware/templates/routes/_route.html.erb (1.9ms)
  Rendered /Users/uchilaka/.rvm/gems/ruby-2.1.1/gems/actionpack-4.0.4/lib/action_dispatch/middleware/templates/routes/_table.html.erb (2.5ms)
  Rendered /Users/uchilaka/.rvm/gems/ruby-2.1.1/gems/actionpack-4.0.4/lib/action_dispatch/middleware/templates/rescues/routing_error.erb within rescues/layout (40.6ms)


Started GET "/profiles/new" for 127.0.0.1 at 2014-05-03 02:27:36 -0400
Processing by ProfilesController#new as HTML
  Rendered profiles/new.html.erb within layouts/application (1.8ms)
Completed 200 OK in 7ms (Views: 6.7ms | ActiveRecord: 0.0ms)


Started GET "/assets/jquery_ujs.js?body=1" for 127.0.0.1 at 2014-05-03 02:27:36 -0400


Started GET "/assets/profiles.css?body=1" for 127.0.0.1 at 2014-05-03 02:27:36 -0400


Started GET "/assets/welcome.css?body=1" for 127.0.0.1 at 2014-05-03 02:27:36 -0400


Started GET "/assets/turbolinks.js?body=1" for 127.0.0.1 at 2014-05-03 02:27:36 -0400


Started GET "/assets/application.css?body=1" for 127.0.0.1 at 2014-05-03 02:27:36 -0400


Started GET "/assets/jquery.js?body=1" for 127.0.0.1 at 2014-05-03 02:27:36 -0400


Started GET "/assets/profiles.js?body=1" for 127.0.0.1 at 2014-05-03 02:27:36 -0400


Started GET "/assets/welcome.js?body=1" for 127.0.0.1 at 2014-05-03 02:27:36 -0400


Started GET "/assets/application.js?body=1" for 127.0.0.1 at 2014-05-03 02:27:36 -0400


Started POST "/profiles/create" for 127.0.0.1 at 2014-05-03 02:27:37 -0400

ActionController::RoutingError (No route matches [POST] "/profiles/create"):
  actionpack (4.0.4) lib/action_dispatch/middleware/debug_exceptions.rb:21:in `call'
  actionpack (4.0.4) lib/action_dispatch/middleware/show_exceptions.rb:30:in `call'
  railties (4.0.4) lib/rails/rack/logger.rb:38:in `call_app'
  railties (4.0.4) lib/rails/rack/logger.rb:20:in `block in call'
  activesupport (4.0.4) lib/active_support/tagged_logging.rb:68:in `block in tagged'
  activesupport (4.0.4) lib/active_support/tagged_logging.rb:26:in `tagged'
  activesupport (4.0.4) lib/active_support/tagged_logging.rb:68:in `tagged'
  railties (4.0.4) lib/rails/rack/logger.rb:20:in `call'
  actionpack (4.0.4) lib/action_dispatch/middleware/request_id.rb:21:in `call'
  rack (1.5.2) lib/rack/methodoverride.rb:21:in `call'
  rack (1.5.2) lib/rack/runtime.rb:17:in `call'
  activesupport (4.0.4) lib/active_support/cache/strategy/local_cache.rb:83:in `call'
  rack (1.5.2) lib/rack/lock.rb:17:in `call'
  actionpack (4.0.4) lib/action_dispatch/middleware/static.rb:64:in `call'
  rack (1.5.2) lib/rack/sendfile.rb:112:in `call'
  railties (4.0.4) lib/rails/engine.rb:511:in `call'
  railties (4.0.4) lib/rails/application.rb:97:in `call'
  rack (1.5.2) lib/rack/lock.rb:17:in `call'
  rack (1.5.2) lib/rack/content_length.rb:14:in `call'
  rack (1.5.2) lib/rack/handler/webrick.rb:60:in `service'
  /Users/uchilaka/.rvm/rubies/ruby-2.1.1/lib/ruby/2.1.0/webrick/httpserver.rb:138:in `service'
  /Users/uchilaka/.rvm/rubies/ruby-2.1.1/lib/ruby/2.1.0/webrick/httpserver.rb:94:in `run'
  /Users/uchilaka/.rvm/rubies/ruby-2.1.1/lib/ruby/2.1.0/webrick/server.rb:295:in `block in start_thread'


  Rendered /Users/uchilaka/.rvm/gems/ruby-2.1.1/gems/actionpack-4.0.4/lib/action_dispatch/middleware/templates/rescues/_trace.erb (1.2ms)
  Rendered /Users/uchilaka/.rvm/gems/ruby-2.1.1/gems/actionpack-4.0.4/lib/action_dispatch/middleware/templates/routes/_route.html.erb (1.4ms)
  Rendered /Users/uchilaka/.rvm/gems/ruby-2.1.1/gems/actionpack-4.0.4/lib/action_dispatch/middleware/templates/routes/_table.html.erb (1.2ms)
  Rendered /Users/uchilaka/.rvm/gems/ruby-2.1.1/gems/actionpack-4.0.4/lib/action_dispatch/middleware/templates/rescues/routing_error.erb within rescues/layout (20.9ms)


Started GET "/" for 127.0.0.1 at 2014-05-03 02:30:51 -0400
  [1m[36mActiveRecord::SchemaMigration Load (0.3ms)[0m  [1mSELECT `schema_migrations`.* FROM `schema_migrations`[0m
Processing by WelcomeController#index as HTML
  Rendered welcome/index.html.erb within layouts/application (2.2ms)
Completed 200 OK in 346ms (Views: 335.0ms | ActiveRecord: 0.0ms)


Started GET "/assets/profiles.css?body=1" for 127.0.0.1 at 2014-05-03 02:30:52 -0400


Started GET "/assets/jquery_ujs.js?body=1" for 127.0.0.1 at 2014-05-03 02:30:52 -0400


Started GET "/assets/welcome.css?body=1" for 127.0.0.1 at 2014-05-03 02:30:52 -0400


Started GET "/assets/jquery.js?body=1" for 127.0.0.1 at 2014-05-03 02:30:52 -0400


Started GET "/assets/turbolinks.js?body=1" for 127.0.0.1 at 2014-05-03 02:30:52 -0400


Started GET "/assets/application.css?body=1" for 127.0.0.1 at 2014-05-03 02:30:52 -0400


Started GET "/assets/profiles.js?body=1" for 127.0.0.1 at 2014-05-03 02:30:52 -0400


Started GET "/assets/welcome.js?body=1" for 127.0.0.1 at 2014-05-03 02:30:52 -0400


Started GET "/assets/application.js?body=1" for 127.0.0.1 at 2014-05-03 02:30:52 -0400


Started GET "/profiles/new" for 127.0.0.1 at 2014-05-03 02:30:54 -0400
Processing by ProfilesController#new as HTML
  Rendered profiles/new.html.erb within layouts/application (32.7ms)
Completed 200 OK in 45ms (Views: 38.9ms | ActiveRecord: 0.0ms)


Started POST "/profiles" for 127.0.0.1 at 2014-05-03 02:31:06 -0400
Processing by ProfilesController#create as HTML
  Parameters: {"utf8"=>"✓", "authenticity_token"=>"s4+6etHwGYLmMb2+J8b3JDnojQhQzQo+36XpXt4Bb5s=", "profile"=>{"first_name"=>"", "last_name"=>"", "dob"=>""}, "commit"=>"Save Profile"}
Completed 500 Internal Server Error in 6ms

ActionView::MissingTemplate (Missing template profiles/create, application/create with {:locale=>[:en], :formats=>[:html], :handlers=>[:erb, :builder, :raw, :ruby, :jbuilder, :coffee]}. Searched in:
  * "/Volumes/Storage/Projects/rails/pdftest/app/views"
):
  app/controllers/profiles_controller.rb:7:in `create'


  Rendered /Users/uchilaka/.rvm/gems/ruby-2.1.1/gems/actionpack-4.0.4/lib/action_dispatch/middleware/templates/rescues/missing_template.erb within rescues/layout (0.5ms)


Started GET "/" for 127.0.0.1 at 2014-05-03 02:36:07 -0400
Processing by WelcomeController#index as HTML
  Rendered welcome/index.html.erb within layouts/application (0.3ms)
Completed 200 OK in 14ms (Views: 12.4ms | ActiveRecord: 0.0ms)


Started GET "/assets/welcome.css?body=1" for 127.0.0.1 at 2014-05-03 02:36:07 -0400


Started GET "/assets/turbolinks.js?body=1" for 127.0.0.1 at 2014-05-03 02:36:07 -0400


Started GET "/assets/jquery_ujs.js?body=1" for 127.0.0.1 at 2014-05-03 02:36:07 -0400


Started GET "/assets/jquery.js?body=1" for 127.0.0.1 at 2014-05-03 02:36:07 -0400


Started GET "/assets/profiles.css?body=1" for 127.0.0.1 at 2014-05-03 02:36:07 -0400


Started GET "/assets/application.css?body=1" for 127.0.0.1 at 2014-05-03 02:36:07 -0400


Started GET "/assets/application.js?body=1" for 127.0.0.1 at 2014-05-03 02:36:07 -0400


Started GET "/assets/profiles.js?body=1" for 127.0.0.1 at 2014-05-03 02:36:07 -0400


Started GET "/assets/welcome.js?body=1" for 127.0.0.1 at 2014-05-03 02:36:07 -0400


Started GET "/profiles/new" for 127.0.0.1 at 2014-05-03 02:36:09 -0400
Processing by ProfilesController#new as HTML
  Rendered profiles/new.html.erb within layouts/application (1.9ms)
Completed 200 OK in 11ms (Views: 9.5ms | ActiveRecord: 0.0ms)


Started POST "/profiles" for 127.0.0.1 at 2014-05-03 02:36:10 -0400
Processing by ProfilesController#create as HTML
  Parameters: {"utf8"=>"✓", "authenticity_token"=>"s4+6etHwGYLmMb2+J8b3JDnojQhQzQo+36XpXt4Bb5s=", "profile"=>{"first_name"=>"", "last_name"=>"", "dob"=>""}, "commit"=>"Save Profile"}
Completed 500 Internal Server Error in 2ms

ActionView::MissingTemplate (Missing template profiles/create, application/create with {:locale=>[:en], :formats=>[:html], :handlers=>[:erb, :builder, :raw, :ruby, :jbuilder, :coffee]}. Searched in:
  * "/Volumes/Storage/Projects/rails/pdftest/app/views"
):
  app/controllers/profiles_controller.rb:8:in `create'


  Rendered /Users/uchilaka/.rvm/gems/ruby-2.1.1/gems/actionpack-4.0.4/lib/action_dispatch/middleware/templates/rescues/missing_template.erb within rescues/layout (0.5ms)


Started POST "/profiles" for 127.0.0.1 at 2014-05-03 02:38:44 -0400
Processing by ProfilesController#create as HTML
  Parameters: {"utf8"=>"✓", "authenticity_token"=>"s4+6etHwGYLmMb2+J8b3JDnojQhQzQo+36XpXt4Bb5s=", "profile"=>{"first_name"=>"", "last_name"=>"", "dob"=>""}, "commit"=>"Save Profile"}
Completed 200 OK in 1ms (Views: 0.1ms | ActiveRecord: 0.0ms)


Started POST "/profiles" for 127.0.0.1 at 2014-05-03 02:39:01 -0400
Processing by ProfilesController#create as HTML
  Parameters: {"utf8"=>"✓", "authenticity_token"=>"s4+6etHwGYLmMb2+J8b3JDnojQhQzQo+36XpXt4Bb5s=", "profile"=>{"first_name"=>"", "last_name"=>"", "dob"=>""}, "commit"=>"Save Profile"}
Completed 500 Internal Server Error in 2ms

ActionView::MissingTemplate (Missing template profiles/create, application/create with {:locale=>[:en], :formats=>[:html], :handlers=>[:erb, :builder, :raw, :ruby, :jbuilder, :coffee]}. Searched in:
  * "/Volumes/Storage/Projects/rails/pdftest/app/views"
):
  app/controllers/profiles_controller.rb:8:in `create'


  Rendered /Users/uchilaka/.rvm/gems/ruby-2.1.1/gems/actionpack-4.0.4/lib/action_dispatch/middleware/templates/rescues/missing_template.erb within rescues/layout (0.4ms)


Started POST "/profiles" for 127.0.0.1 at 2014-05-03 02:39:17 -0400
Processing by ProfilesController#create as HTML
  Parameters: {"utf8"=>"✓", "authenticity_token"=>"s4+6etHwGYLmMb2+J8b3JDnojQhQzQo+36XpXt4Bb5s=", "profile"=>{"first_name"=>"", "last_name"=>"", "dob"=>""}, "commit"=>"Save Profile"}
  Rendered profiles/create.html.erb within layouts/application (0.6ms)
  Rendered profiles/create.html.erb within layouts/application (0.0ms)
Completed 200 OK in 12ms (Views: 4.4ms | ActiveRecord: 0.0ms)


Started GET "/assets/application.css?body=1" for 127.0.0.1 at 2014-05-03 02:39:17 -0400


Started GET "/assets/profiles.css?body=1" for 127.0.0.1 at 2014-05-03 02:39:17 -0400


Started GET "/assets/welcome.css?body=1" for 127.0.0.1 at 2014-05-03 02:39:17 -0400


Started GET "/assets/jquery.js?body=1" for 127.0.0.1 at 2014-05-03 02:39:17 -0400


Started GET "/assets/jquery_ujs.js?body=1" for 127.0.0.1 at 2014-05-03 02:39:17 -0400


Started GET "/assets/turbolinks.js?body=1" for 127.0.0.1 at 2014-05-03 02:39:17 -0400


Started GET "/assets/profiles.js?body=1" for 127.0.0.1 at 2014-05-03 02:39:17 -0400


Started GET "/assets/welcome.js?body=1" for 127.0.0.1 at 2014-05-03 02:39:17 -0400


Started GET "/assets/application.js?body=1" for 127.0.0.1 at 2014-05-03 02:39:17 -0400


Started GET "/profiles/new" for 127.0.0.1 at 2014-05-03 02:39:28 -0400
Processing by ProfilesController#new as HTML
  Rendered profiles/new.html.erb within layouts/application (2.0ms)
Completed 200 OK in 8ms (Views: 7.0ms | ActiveRecord: 0.0ms)


Started GET "/assets/jquery.js?body=1" for 127.0.0.1 at 2014-05-03 02:39:28 -0400


Started GET "/assets/jquery_ujs.js?body=1" for 127.0.0.1 at 2014-05-03 02:39:28 -0400


Started GET "/assets/welcome.css?body=1" for 127.0.0.1 at 2014-05-03 02:39:28 -0400


Started GET "/assets/profiles.css?body=1" for 127.0.0.1 at 2014-05-03 02:39:28 -0400


Started GET "/assets/turbolinks.js?body=1" for 127.0.0.1 at 2014-05-03 02:39:28 -0400


Started GET "/assets/application.css?body=1" for 127.0.0.1 at 2014-05-03 02:39:28 -0400


Started GET "/assets/profiles.js?body=1" for 127.0.0.1 at 2014-05-03 02:39:28 -0400


Started GET "/assets/welcome.js?body=1" for 127.0.0.1 at 2014-05-03 02:39:28 -0400


Started GET "/assets/application.js?body=1" for 127.0.0.1 at 2014-05-03 02:39:28 -0400


Started POST "/profiles" for 127.0.0.1 at 2014-05-03 02:39:38 -0400
Processing by ProfilesController#create as HTML
  Parameters: {"utf8"=>"✓", "authenticity_token"=>"s4+6etHwGYLmMb2+J8b3JDnojQhQzQo+36XpXt4Bb5s=", "profile"=>{"first_name"=>"Uchenna", "last_name"=>"Chilaka", "dob"=>"2014-01-01"}, "commit"=>"Save Profile"}
  Rendered profiles/create.html.erb within layouts/application (0.0ms)
  Rendered profiles/create.html.erb within layouts/application (0.1ms)
Completed 200 OK in 12ms (Views: 6.6ms | ActiveRecord: 0.0ms)


Started GET "/assets/application.css?body=1" for 127.0.0.1 at 2014-05-03 02:39:38 -0400


Started GET "/assets/profiles.css?body=1" for 127.0.0.1 at 2014-05-03 02:39:38 -0400


Started GET "/assets/jquery_ujs.js?body=1" for 127.0.0.1 at 2014-05-03 02:39:38 -0400


Started GET "/assets/jquery.js?body=1" for 127.0.0.1 at 2014-05-03 02:39:38 -0400


Started GET "/assets/turbolinks.js?body=1" for 127.0.0.1 at 2014-05-03 02:39:38 -0400


Started GET "/assets/welcome.css?body=1" for 127.0.0.1 at 2014-05-03 02:39:38 -0400


Started GET "/assets/profiles.js?body=1" for 127.0.0.1 at 2014-05-03 02:39:38 -0400


Started GET "/assets/welcome.js?body=1" for 127.0.0.1 at 2014-05-03 02:39:38 -0400


Started GET "/assets/application.js?body=1" for 127.0.0.1 at 2014-05-03 02:39:38 -0400


Started POST "/profiles" for 127.0.0.1 at 2014-05-03 02:39:59 -0400
Processing by ProfilesController#create as HTML
  Parameters: {"utf8"=>"✓", "authenticity_token"=>"s4+6etHwGYLmMb2+J8b3JDnojQhQzQo+36XpXt4Bb5s=", "profile"=>{"first_name"=>"Uchenna", "last_name"=>"Chilaka", "dob"=>"2014-01-01"}, "commit"=>"Save Profile"}
  Rendered profiles/create.html.erb within layouts/application (0.0ms)
  Rendered profiles/create.html.erb within layouts/application (0.0ms)
Completed 200 OK in 9ms (Views: 3.7ms | ActiveRecord: 0.0ms)


Started POST "/profiles" for 127.0.0.1 at 2014-05-03 02:40:16 -0400
Processing by ProfilesController#create as HTML
  Parameters: {"utf8"=>"✓", "authenticity_token"=>"s4+6etHwGYLmMb2+J8b3JDnojQhQzQo+36XpXt4Bb5s=", "profile"=>{"first_name"=>"Uchenna", "last_name"=>"Chilaka", "dob"=>"2014-01-01"}, "commit"=>"Save Profile"}
Completed 500 Internal Server Error in 6ms

ActionView::MissingTemplate (Missing template profiles/create, application/create with {:locale=>[:en], :formats=>[:html], :handlers=>[:erb, :builder, :raw, :ruby, :jbuilder, :coffee]}. Searched in:
  * "/Volumes/Storage/Projects/rails/pdftest/app/views"
):
  app/controllers/profiles_controller.rb:8:in `create'


  Rendered /Users/uchilaka/.rvm/gems/ruby-2.1.1/gems/actionpack-4.0.4/lib/action_dispatch/middleware/templates/rescues/missing_template.erb within rescues/layout (0.5ms)


Started POST "/profiles" for 127.0.0.1 at 2014-05-03 02:40:46 -0400
Processing by ProfilesController#create as HTML
  Parameters: {"utf8"=>"✓", "authenticity_token"=>"s4+6etHwGYLmMb2+J8b3JDnojQhQzQo+36XpXt4Bb5s=", "profile"=>{"first_name"=>"Uchenna", "last_name"=>"Chilaka", "dob"=>"2014-01-01"}, "commit"=>"Save Profile"}
Completed 500 Internal Server Error in 2ms

ActionView::MissingTemplate (Missing template profiles/create, application/create with {:locale=>[:en], :formats=>[:html], :handlers=>[:erb, :builder, :raw, :ruby, :jbuilder, :coffee]}. Searched in:
  * "/Volumes/Storage/Projects/rails/pdftest/app/views"
):
  app/controllers/profiles_controller.rb:8:in `create'


  Rendered /Users/uchilaka/.rvm/gems/ruby-2.1.1/gems/actionpack-4.0.4/lib/action_dispatch/middleware/templates/rescues/missing_template.erb within rescues/layout (0.5ms)


Started POST "/profiles" for 127.0.0.1 at 2014-05-03 02:40:52 -0400
Processing by ProfilesController#create as HTML
  Parameters: {"utf8"=>"✓", "authenticity_token"=>"s4+6etHwGYLmMb2+J8b3JDnojQhQzQo+36XpXt4Bb5s=", "profile"=>{"first_name"=>"Uchenna", "last_name"=>"Chilaka", "dob"=>"2014-01-01"}, "commit"=>"Save Profile"}
Completed 200 OK in 1ms (Views: 0.1ms | ActiveRecord: 0.0ms)


Started POST "/profiles" for 127.0.0.1 at 2014-05-03 02:41:02 -0400
Processing by ProfilesController#create as HTML
  Parameters: {"utf8"=>"✓", "authenticity_token"=>"s4+6etHwGYLmMb2+J8b3JDnojQhQzQo+36XpXt4Bb5s=", "profile"=>{"first_name"=>"Uchenna", "last_name"=>"Chilaka", "dob"=>"2014-01-01"}, "commit"=>"Save Profile"}
Completed 200 OK in 1ms (Views: 0.1ms | ActiveRecord: 0.0ms)


Started POST "/profiles" for 127.0.0.1 at 2014-05-03 02:41:21 -0400
Processing by ProfilesController#create as HTML
  Parameters: {"utf8"=>"✓", "authenticity_token"=>"s4+6etHwGYLmMb2+J8b3JDnojQhQzQo+36XpXt4Bb5s=", "profile"=>{"first_name"=>"Uchenna", "last_name"=>"Chilaka", "dob"=>"2014-01-01"}, "commit"=>"Save Profile"}
Completed 500 Internal Server Error in 2ms

ActionView::MissingTemplate (Missing template profiles/create, application/create with {:locale=>[:en], :formats=>[:html], :handlers=>[:erb, :builder, :raw, :ruby, :jbuilder, :coffee]}. Searched in:
  * "/Volumes/Storage/Projects/rails/pdftest/app/views"
):
  actionpack (4.0.4) lib/action_view/path_set.rb:46:in `find'
  actionpack (4.0.4) lib/action_view/lookup_context.rb:122:in `find'
  actionpack (4.0.4) lib/action_view/renderer/abstract_renderer.rb:18:in `find_template'
  actionpack (4.0.4) lib/action_view/renderer/template_renderer.rb:35:in `determine_template'
  actionpack (4.0.4) lib/action_view/renderer/template_renderer.rb:8:in `render'
  actionpack (4.0.4) lib/action_view/renderer/renderer.rb:42:in `render_template'
  actionpack (4.0.4) lib/action_view/renderer/renderer.rb:23:in `render'
  actionpack (4.0.4) lib/abstract_controller/rendering.rb:127:in `_render_template'
  actionpack (4.0.4) lib/action_controller/metal/streaming.rb:219:in `_render_template'
  actionpack (4.0.4) lib/abstract_controller/rendering.rb:120:in `render_to_body'
  actionpack (4.0.4) lib/action_controller/metal/rendering.rb:33:in `render_to_body'
  actionpack (4.0.4) lib/action_controller/metal/renderers.rb:26:in `render_to_body'
  actionpack (4.0.4) lib/abstract_controller/rendering.rb:97:in `render'
  actionpack (4.0.4) lib/action_controller/metal/rendering.rb:16:in `render'
  actionpack (4.0.4) lib/action_controller/metal/instrumentation.rb:41:in `block (2 levels) in render'
  activesupport (4.0.4) lib/active_support/core_ext/benchmark.rb:12:in `block in ms'
  /Users/uchilaka/.rvm/rubies/ruby-2.1.1/lib/ruby/2.1.0/benchmark.rb:294:in `realtime'
  activesupport (4.0.4) lib/active_support/core_ext/benchmark.rb:12:in `ms'
  actionpack (4.0.4) lib/action_controller/metal/instrumentation.rb:41:in `block in render'
  actionpack (4.0.4) lib/action_controller/metal/instrumentation.rb:84:in `cleanup_view_runtime'
  activerecord (4.0.4) lib/active_record/railties/controller_runtime.rb:25:in `cleanup_view_runtime'
  actionpack (4.0.4) lib/action_controller/metal/instrumentation.rb:40:in `render'
  actionpack (4.0.4) lib/action_controller/metal/implicit_render.rb:10:in `default_render'
  actionpack (4.0.4) lib/action_controller/metal/implicit_render.rb:5:in `send_action'
  actionpack (4.0.4) lib/abstract_controller/base.rb:189:in `process_action'
  actionpack (4.0.4) lib/action_controller/metal/rendering.rb:10:in `process_action'
  actionpack (4.0.4) lib/abstract_controller/callbacks.rb:18:in `block in process_action'
  activesupport (4.0.4) lib/active_support/callbacks.rb:403:in `_run__4119450263723664009__process_action__callbacks'
  activesupport (4.0.4) lib/active_support/callbacks.rb:80:in `run_callbacks'
  actionpack (4.0.4) lib/abstract_controller/callbacks.rb:17:in `process_action'
  actionpack (4.0.4) lib/action_controller/metal/rescue.rb:29:in `process_action'
  actionpack (4.0.4) lib/action_controller/metal/instrumentation.rb:31:in `block in process_action'
  activesupport (4.0.4) lib/active_support/notifications.rb:159:in `block in instrument'
  activesupport (4.0.4) lib/active_support/notifications/instrumenter.rb:20:in `instrument'
  activesupport (4.0.4) lib/active_support/notifications.rb:159:in `instrument'
  actionpack (4.0.4) lib/action_controller/metal/instrumentation.rb:30:in `process_action'
  actionpack (4.0.4) lib/action_controller/metal/params_wrapper.rb:250:in `process_action'
  activerecord (4.0.4) lib/active_record/railties/controller_runtime.rb:18:in `process_action'
  actionpack (4.0.4) lib/abstract_controller/base.rb:136:in `process'
  actionpack (4.0.4) lib/abstract_controller/rendering.rb:44:in `process'
  actionpack (4.0.4) lib/action_controller/metal.rb:195:in `dispatch'
  actionpack (4.0.4) lib/action_controller/metal/rack_delegation.rb:13:in `dispatch'
  actionpack (4.0.4) lib/action_controller/metal.rb:231:in `block in action'
  actionpack (4.0.4) lib/action_dispatch/routing/route_set.rb:80:in `call'
  actionpack (4.0.4) lib/action_dispatch/routing/route_set.rb:80:in `dispatch'
  actionpack (4.0.4) lib/action_dispatch/routing/route_set.rb:48:in `call'
  actionpack (4.0.4) lib/action_dispatch/journey/router.rb:71:in `block in call'
  actionpack (4.0.4) lib/action_dispatch/journey/router.rb:59:in `each'
  actionpack (4.0.4) lib/action_dispatch/journey/router.rb:59:in `call'
  actionpack (4.0.4) lib/action_dispatch/routing/route_set.rb:674:in `call'
  rack (1.5.2) lib/rack/etag.rb:23:in `call'
  rack (1.5.2) lib/rack/conditionalget.rb:35:in `call'
  rack (1.5.2) lib/rack/head.rb:11:in `call'
  actionpack (4.0.4) lib/action_dispatch/middleware/params_parser.rb:27:in `call'
  actionpack (4.0.4) lib/action_dispatch/middleware/flash.rb:241:in `call'
  rack (1.5.2) lib/rack/session/abstract/id.rb:225:in `context'
  rack (1.5.2) lib/rack/session/abstract/id.rb:220:in `call'
  actionpack (4.0.4) lib/action_dispatch/middleware/cookies.rb:486:in `call'
  activerecord (4.0.4) lib/active_record/query_cache.rb:36:in `call'
  activerecord (4.0.4) lib/active_record/connection_adapters/abstract/connection_pool.rb:626:in `call'
  activerecord (4.0.4) lib/active_record/migration.rb:373:in `call'
  actionpack (4.0.4) lib/action_dispatch/middleware/callbacks.rb:29:in `block in call'
  activesupport (4.0.4) lib/active_support/callbacks.rb:373:in `_run__564929250397727446__call__callbacks'
  activesupport (4.0.4) lib/active_support/callbacks.rb:80:in `run_callbacks'
  actionpack (4.0.4) lib/action_dispatch/middleware/callbacks.rb:27:in `call'
  actionpack (4.0.4) lib/action_dispatch/middleware/reloader.rb:64:in `call'
  actionpack (4.0.4) lib/action_dispatch/middleware/remote_ip.rb:76:in `call'
  actionpack (4.0.4) lib/action_dispatch/middleware/debug_exceptions.rb:17:in `call'
  actionpack (4.0.4) lib/action_dispatch/middleware/show_exceptions.rb:30:in `call'
  railties (4.0.4) lib/rails/rack/logger.rb:38:in `call_app'
  railties (4.0.4) lib/rails/rack/logger.rb:20:in `block in call'
  activesupport (4.0.4) lib/active_support/tagged_logging.rb:68:in `block in tagged'
  activesupport (4.0.4) lib/active_support/tagged_logging.rb:26:in `tagged'
  activesupport (4.0.4) lib/active_support/tagged_logging.rb:68:in `tagged'
  railties (4.0.4) lib/rails/rack/logger.rb:20:in `call'
  actionpack (4.0.4) lib/action_dispatch/middleware/request_id.rb:21:in `call'
  rack (1.5.2) lib/rack/methodoverride.rb:21:in `call'
  rack (1.5.2) lib/rack/runtime.rb:17:in `call'
  activesupport (4.0.4) lib/active_support/cache/strategy/local_cache.rb:83:in `call'
  rack (1.5.2) lib/rack/lock.rb:17:in `call'
  actionpack (4.0.4) lib/action_dispatch/middleware/static.rb:64:in `call'
  rack (1.5.2) lib/rack/sendfile.rb:112:in `call'
  railties (4.0.4) lib/rails/engine.rb:511:in `call'
  railties (4.0.4) lib/rails/application.rb:97:in `call'
  rack (1.5.2) lib/rack/lock.rb:17:in `call'
  rack (1.5.2) lib/rack/content_length.rb:14:in `call'
  rack (1.5.2) lib/rack/handler/webrick.rb:60:in `service'
  /Users/uchilaka/.rvm/rubies/ruby-2.1.1/lib/ruby/2.1.0/webrick/httpserver.rb:138:in `service'
  /Users/uchilaka/.rvm/rubies/ruby-2.1.1/lib/ruby/2.1.0/webrick/httpserver.rb:94:in `run'
  /Users/uchilaka/.rvm/rubies/ruby-2.1.1/lib/ruby/2.1.0/webrick/server.rb:295:in `block in start_thread'


  Rendered /Users/uchilaka/.rvm/gems/ruby-2.1.1/gems/actionpack-4.0.4/lib/action_dispatch/middleware/templates/rescues/missing_template.erb within rescues/layout (0.5ms)


Started POST "/profiles" for 127.0.0.1 at 2014-05-03 02:41:27 -0400
Processing by ProfilesController#create as HTML
  Parameters: {"utf8"=>"✓", "authenticity_token"=>"s4+6etHwGYLmMb2+J8b3JDnojQhQzQo+36XpXt4Bb5s=", "profile"=>{"first_name"=>"Uchenna", "last_name"=>"Chilaka", "dob"=>"2014-01-01"}, "commit"=>"Save Profile"}
Completed 200 OK in 1ms (Views: 0.1ms | ActiveRecord: 0.0ms)


Started GET "/" for 127.0.0.1 at 2014-05-03 03:23:31 -0400
  [1m[36mActiveRecord::SchemaMigration Load (0.2ms)[0m  [1mSELECT `schema_migrations`.* FROM `schema_migrations`[0m
Processing by WelcomeController#index as HTML
  Rendered welcome/index.html.erb within layouts/application (2.6ms)
Completed 200 OK in 564ms (Views: 553.5ms | ActiveRecord: 0.0ms)


Started GET "/assets/turbolinks.js?body=1" for 127.0.0.1 at 2014-05-03 03:23:33 -0400


Started GET "/assets/welcome.css?body=1" for 127.0.0.1 at 2014-05-03 03:23:33 -0400


Started GET "/assets/jquery_ujs.js?body=1" for 127.0.0.1 at 2014-05-03 03:23:33 -0400


Started GET "/assets/application.css?body=1" for 127.0.0.1 at 2014-05-03 03:23:33 -0400


Started GET "/assets/profiles.css?body=1" for 127.0.0.1 at 2014-05-03 03:23:33 -0400


Started GET "/assets/jquery.js?body=1" for 127.0.0.1 at 2014-05-03 03:23:33 -0400


Started GET "/assets/profiles.js?body=1" for 127.0.0.1 at 2014-05-03 03:23:33 -0400


Started GET "/assets/welcome.js?body=1" for 127.0.0.1 at 2014-05-03 03:23:33 -0400


Started GET "/assets/application.js?body=1" for 127.0.0.1 at 2014-05-03 03:23:33 -0400


Started GET "/profiles/new" for 127.0.0.1 at 2014-05-03 03:23:35 -0400
Processing by ProfilesController#new as HTML
  Rendered profiles/new.html.erb within layouts/application (40.0ms)
Completed 200 OK in 52ms (Views: 50.4ms | ActiveRecord: 0.0ms)


Started POST "/profiles" for 127.0.0.1 at 2014-05-03 03:23:40 -0400
Processing by ProfilesController#create as HTML
  Parameters: {"utf8"=>"✓", "authenticity_token"=>"s4+6etHwGYLmMb2+J8b3JDnojQhQzQo+36XpXt4Bb5s=", "profile"=>{"first_name"=>"Uchenna", "last_name"=>"Chilaka", "dob"=>""}, "commit"=>"Save Profile"}
Completed 500 Internal Server Error in 1ms

NoMethodError (undefined method `first_name' for {"first_name"=>"Uchenna", "last_name"=>"Chilaka", "dob"=>""}:ActionController::Parameters):
  app/controllers/profiles_controller.rb:9:in `create'


  Rendered /Users/uchilaka/.rvm/gems/ruby-2.1.1/gems/actionpack-4.0.4/lib/action_dispatch/middleware/templates/rescues/_source.erb (0.9ms)
  Rendered /Users/uchilaka/.rvm/gems/ruby-2.1.1/gems/actionpack-4.0.4/lib/action_dispatch/middleware/templates/rescues/_trace.erb (1.2ms)
  Rendered /Users/uchilaka/.rvm/gems/ruby-2.1.1/gems/actionpack-4.0.4/lib/action_dispatch/middleware/templates/rescues/_request_and_response.erb (1.1ms)
  Rendered /Users/uchilaka/.rvm/gems/ruby-2.1.1/gems/actionpack-4.0.4/lib/action_dispatch/middleware/templates/rescues/diagnostics.erb within rescues/layout (41.7ms)


Started POST "/profiles" for 127.0.0.1 at 2014-05-03 03:24:02 -0400
Processing by ProfilesController#create as HTML
  Parameters: {"utf8"=>"✓", "authenticity_token"=>"s4+6etHwGYLmMb2+J8b3JDnojQhQzQo+36XpXt4Bb5s=", "profile"=>{"first_name"=>"Uchenna", "last_name"=>"Chilaka", "dob"=>""}, "commit"=>"Save Profile"}
Completed 200 OK in 1ms (Views: 0.1ms | ActiveRecord: 0.0ms)


Started GET "/" for 127.0.0.1 at 2014-05-03 03:53:27 -0400
  [1m[36mActiveRecord::SchemaMigration Load (0.3ms)[0m  [1mSELECT `schema_migrations`.* FROM `schema_migrations`[0m
Processing by WelcomeController#index as HTML
  Rendered welcome/index.html.erb within layouts/application (3.1ms)
Completed 200 OK in 530ms (Views: 518.7ms | ActiveRecord: 0.0ms)


Started GET "/assets/application.css?body=1" for 127.0.0.1 at 2014-05-03 03:53:28 -0400


Started GET "/assets/profiles.css?body=1" for 127.0.0.1 at 2014-05-03 03:53:28 -0400


Started GET "/assets/turbolinks.js?body=1" for 127.0.0.1 at 2014-05-03 03:53:28 -0400


Started GET "/assets/welcome.css?body=1" for 127.0.0.1 at 2014-05-03 03:53:28 -0400


Started GET "/assets/jquery_ujs.js?body=1" for 127.0.0.1 at 2014-05-03 03:53:28 -0400


Started GET "/assets/jquery.js?body=1" for 127.0.0.1 at 2014-05-03 03:53:28 -0400


Started GET "/assets/profiles.js?body=1" for 127.0.0.1 at 2014-05-03 03:53:28 -0400


Started GET "/assets/welcome.js?body=1" for 127.0.0.1 at 2014-05-03 03:53:28 -0400


Started GET "/assets/application.js?body=1" for 127.0.0.1 at 2014-05-03 03:53:28 -0400


Started GET "/profiles/new" for 127.0.0.1 at 2014-05-03 03:53:30 -0400
Processing by ProfilesController#new as HTML
  Rendered profiles/new.html.erb within layouts/application (28.7ms)
Completed 200 OK in 39ms (Views: 37.4ms | ActiveRecord: 0.0ms)


Started POST "/profiles" for 127.0.0.1 at 2014-05-03 03:53:37 -0400
Processing by ProfilesController#create as HTML
  Parameters: {"utf8"=>"✓", "authenticity_token"=>"s4+6etHwGYLmMb2+J8b3JDnojQhQzQo+36XpXt4Bb5s=", "profile"=>{"first_name"=>"Uchenna", "last_name"=>"Chilaka", "dob"=>"1986-01-01"}, "commit"=>"Save Profile"}
Completed 406 Not Acceptable in 1ms

ActionController::UnknownFormat (ActionController::UnknownFormat):
  app/controllers/profiles_controller.rb:11:in `create'


  Rendered /Users/uchilaka/.rvm/gems/ruby-2.1.1/gems/actionpack-4.0.4/lib/action_dispatch/middleware/templates/rescues/_source.erb (0.9ms)
  Rendered /Users/uchilaka/.rvm/gems/ruby-2.1.1/gems/actionpack-4.0.4/lib/action_dispatch/middleware/templates/rescues/_trace.erb (1.4ms)
  Rendered /Users/uchilaka/.rvm/gems/ruby-2.1.1/gems/actionpack-4.0.4/lib/action_dispatch/middleware/templates/rescues/_request_and_response.erb (1.5ms)
  Rendered /Users/uchilaka/.rvm/gems/ruby-2.1.1/gems/actionpack-4.0.4/lib/action_dispatch/middleware/templates/rescues/diagnostics.erb within rescues/layout (18.9ms)


Started POST "/profiles" for 127.0.0.1 at 2014-05-03 03:55:35 -0400
Processing by ProfilesController#create as HTML
  Parameters: {"utf8"=>"✓", "authenticity_token"=>"s4+6etHwGYLmMb2+J8b3JDnojQhQzQo+36XpXt4Bb5s=", "profile"=>{"first_name"=>"Uchenna", "last_name"=>"Chilaka", "dob"=>"1986-01-01"}, "commit"=>"Save Profile"}
Completed 500 Internal Server Error in 746ms

NoMethodError (undefined method `to_str' for nil:NilClass):
  app/pdfs/pdf_form.rb:12:in `export'
  app/controllers/profiles_controller.rb:17:in `create'


  Rendered /Users/uchilaka/.rvm/gems/ruby-2.1.1/gems/actionpack-4.0.4/lib/action_dispatch/middleware/templates/rescues/_source.erb (0.9ms)
  Rendered /Users/uchilaka/.rvm/gems/ruby-2.1.1/gems/actionpack-4.0.4/lib/action_dispatch/middleware/templates/rescues/_trace.erb (6.6ms)
  Rendered /Users/uchilaka/.rvm/gems/ruby-2.1.1/gems/actionpack-4.0.4/lib/action_dispatch/middleware/templates/rescues/_request_and_response.erb (1.1ms)
  Rendered /Users/uchilaka/.rvm/gems/ruby-2.1.1/gems/actionpack-4.0.4/lib/action_dispatch/middleware/templates/rescues/diagnostics.erb within rescues/layout (21.2ms)


Started POST "/profiles" for 127.0.0.1 at 2014-05-03 04:00:06 -0400
Processing by ProfilesController#create as HTML
  Parameters: {"utf8"=>"✓", "authenticity_token"=>"s4+6etHwGYLmMb2+J8b3JDnojQhQzQo+36XpXt4Bb5s=", "profile"=>{"first_name"=>"Uchenna", "last_name"=>"Chilaka", "dob"=>"1986-01-01"}, "commit"=>"Save Profile"}
Completed 500 Internal Server Error in 4ms

SyntaxError (/Volumes/Storage/Projects/rails/pdftest/app/pdfs/pdf_form.rb:24: syntax error, unexpected ')', expecting tSTRING_DEND
...df_templates/#{self.class.name).underscore}.pdf"
...                               ^):
  app/pdfs/profile_summary.rb:1:in `<top (required)>'
  app/controllers/profiles_controller.rb:17:in `create'


  Rendered /Users/uchilaka/.rvm/gems/ruby-2.1.1/gems/actionpack-4.0.4/lib/action_dispatch/middleware/templates/rescues/_source.erb (0.7ms)
  Rendered /Users/uchilaka/.rvm/gems/ruby-2.1.1/gems/actionpack-4.0.4/lib/action_dispatch/middleware/templates/rescues/_trace.erb (1.2ms)
  Rendered /Users/uchilaka/.rvm/gems/ruby-2.1.1/gems/actionpack-4.0.4/lib/action_dispatch/middleware/templates/rescues/_request_and_response.erb (1.0ms)
  Rendered /Users/uchilaka/.rvm/gems/ruby-2.1.1/gems/actionpack-4.0.4/lib/action_dispatch/middleware/templates/rescues/diagnostics.erb within rescues/layout (14.0ms)


Started POST "/profiles" for 127.0.0.1 at 2014-05-03 04:00:26 -0400
Processing by ProfilesController#create as HTML
  Parameters: {"utf8"=>"✓", "authenticity_token"=>"s4+6etHwGYLmMb2+J8b3JDnojQhQzQo+36XpXt4Bb5s=", "profile"=>{"first_name"=>"Uchenna", "last_name"=>"Chilaka", "dob"=>"1986-01-01"}, "commit"=>"Save Profile"}
Sent file /Volumes/Storage/Projects/rails/pdftest/tmp/pdfs/062ed633-8073-4f9b-9e4b-58bed718fa77.pdf (0.2ms)
Completed 200 OK in 328ms (ActiveRecord: 0.0ms)


Started POST "/profiles" for 127.0.0.1 at 2014-05-03 04:01:47 -0400
Processing by ProfilesController#create as HTML
  Parameters: {"utf8"=>"✓", "authenticity_token"=>"s4+6etHwGYLmMb2+J8b3JDnojQhQzQo+36XpXt4Bb5s=", "profile"=>{"first_name"=>"Uchenna", "last_name"=>"Chilaka", "dob"=>"1986-01-01"}, "commit"=>"Save Profile"}
Sent file /Volumes/Storage/Projects/rails/pdftest/tmp/pdfs/1fc92041-875f-4563-8dbc-e49bd480f6bd_profile_summary.pdf (0.1ms)
Completed 200 OK in 319ms (ActiveRecord: 0.0ms)
